<?xml version="1.0" encoding="UTF-8"?>
<?xml-stylesheet type="text/xsl" href="ivy-report.xsl"?>
<ivy-report version="1.0">
	<info
		organisation="self.made"
		module="sharingan"
		revision="0.1"
		conf="test-internal"
		confs="compile, runtime, test, provided, optional, compile-internal, runtime-internal, test-internal, plugin, sources, docs, pom"
		date="20131012174257"/>
	<dependencies>
		<module organisation="org.eligosource" name="eventsourced-journal-leveldb_2.10">
			<revision name="0.6.0" status="release" pubdate="20130821071821" resolver="Eligosource Releases" artresolver="Eligosource Releases" homepage="" downloaded="false" searched="false" default="false" conf="default(compile), default, compile, runtime, master" position="18">
				<metadata-artifact status="no" details="" size="3023" time="0" location="/home/bongani/.ivy2/cache/org.eligosource/eventsourced-journal-leveldb_2.10/ivy-0.6.0.xml" searched="false" origin-is-local="false" origin-location="http://repo.eligotech.com/nexus/content/repositories/eligosource-releases/org/eligosource/eventsourced-journal-leveldb_2.10/0.6.0/eventsourced-journal-leveldb_2.10-0.6.0.pom"/>
				<caller organisation="self.made" name="sharingan" conf="test-internal, test, optional, compile, provided, runtime" rev="0.6.0" rev-constraint-default="0.6.0" rev-constraint-dynamic="0.6.0" callerrev="0.1"/>
				<artifacts>
					<artifact name="eventsourced-journal-leveldb_2.10" type="jar" ext="jar" status="no" details="" size="59646" time="0" location="/home/bongani/.ivy2/cache/org.eligosource/eventsourced-journal-leveldb_2.10/jars/eventsourced-journal-leveldb_2.10-0.6.0.jar">
						<origin-location is-local="false" location="http://repo.eligotech.com/nexus/content/repositories/eligosource-releases/org/eligosource/eventsourced-journal-leveldb_2.10/0.6.0/eventsourced-journal-leveldb_2.10-0.6.0.jar"/>
					</artifact>
				</artifacts>
			</revision>
		</module>
		<module organisation="org.iq80.leveldb" name="leveldb">
			<revision name="0.5" status="release" pubdate="20130122204104" resolver="sbt-chain" artresolver="sbt-chain" homepage="" downloaded="false" searched="false" default="false" conf="compile, master(*), runtime, compile(*), runtime(*), master" position="49">
				<metadata-artifact status="no" details="" size="3736" time="0" location="/home/bongani/.ivy2/cache/org.iq80.leveldb/leveldb/ivy-0.5.xml" searched="false" origin-is-local="false" origin-location="http://oss.sonatype.org/content/repositories/releases/org/iq80/leveldb/leveldb/0.5/leveldb-0.5.pom"/>
				<caller organisation="org.eligosource" name="eventsourced-journal-leveldb_2.10" conf="default, compile, runtime, master" rev="0.5" rev-constraint-default="0.5" rev-constraint-dynamic="0.5" callerrev="0.6.0"/>
				<artifacts>
					<artifact name="leveldb" type="jar" ext="jar" status="no" details="" size="227716" time="0" location="/home/bongani/.ivy2/cache/org.iq80.leveldb/leveldb/jars/leveldb-0.5.jar">
						<origin-location is-local="false" location="http://oss.sonatype.org/content/repositories/releases/org/iq80/leveldb/leveldb/0.5/leveldb-0.5.jar"/>
					</artifact>
				</artifacts>
			</revision>
		</module>
		<module organisation="com.google.guava" name="guava">
			<revision name="12.0" status="release" pubdate="20120430204217" resolver="sbt-chain" artresolver="sbt-chain" homepage="" downloaded="false" searched="false" default="false" conf="compile, master(*), runtime, compile(*), runtime(*), master" position="50">
				<metadata-artifact status="no" details="" size="3535" time="0" location="/home/bongani/.ivy2/cache/com.google.guava/guava/ivy-12.0.xml" searched="false" origin-is-local="false" origin-location="http://oss.sonatype.org/content/repositories/releases/com/google/guava/guava/12.0/guava-12.0.pom"/>
				<caller organisation="org.iq80.leveldb" name="leveldb" conf="compile, runtime" rev="12.0" rev-constraint-default="12.0" rev-constraint-dynamic="12.0" callerrev="0.5"/>
				<artifacts>
					<artifact name="guava" type="jar" ext="jar" status="no" details="" size="1795936" time="0" location="/home/bongani/.ivy2/cache/com.google.guava/guava/jars/guava-12.0.jar">
						<origin-location is-local="false" location="http://oss.sonatype.org/content/repositories/releases/com/google/guava/guava/12.0/guava-12.0.jar"/>
					</artifact>
				</artifacts>
			</revision>
		</module>
		<module organisation="com.google.code.findbugs" name="jsr305">
			<revision name="1.3.9" status="release" pubdate="20090825002822" resolver="public" artresolver="public" homepage="http://findbugs.sourceforge.net/" downloaded="false" searched="false" default="false" conf="compile, master(*), runtime, compile(*), runtime(*), master" position="51">
				<license name="The Apache Software License, Version 2.0" url="http://www.apache.org/licenses/LICENSE-2.0.txt"/>
				<metadata-artifact status="no" details="" size="2393" time="0" location="/home/bongani/.ivy2/cache/com.google.code.findbugs/jsr305/ivy-1.3.9.xml" searched="false" origin-is-local="false" origin-location="http://repo1.maven.org/maven2/com/google/code/findbugs/jsr305/1.3.9/jsr305-1.3.9.pom"/>
				<caller organisation="com.google.guava" name="guava" conf="compile, runtime" rev="1.3.9" rev-constraint-default="1.3.9" rev-constraint-dynamic="1.3.9" callerrev="12.0"/>
				<artifacts>
					<artifact name="jsr305" type="jar" ext="jar" status="no" details="" size="33015" time="0" location="/home/bongani/.ivy2/cache/com.google.code.findbugs/jsr305/jars/jsr305-1.3.9.jar">
						<origin-location is-local="false" location="http://repo1.maven.org/maven2/com/google/code/findbugs/jsr305/1.3.9/jsr305-1.3.9.jar"/>
					</artifact>
				</artifacts>
			</revision>
		</module>
		<module organisation="org.fusesource.leveldbjni" name="leveldbjni-all">
			<revision name="1.6" status="release" pubdate="20130206201605" resolver="public" artresolver="public" homepage="" downloaded="false" searched="false" default="false" conf="compile, master(*), runtime, compile(*), runtime(*), master" position="40">
				<metadata-artifact status="no" details="" size="4204" time="0" location="/home/bongani/.ivy2/cache/org.fusesource.leveldbjni/leveldbjni-all/ivy-1.6.xml" searched="false" origin-is-local="false" origin-location="http://repo1.maven.org/maven2/org/fusesource/leveldbjni/leveldbjni-all/1.6/leveldbjni-all-1.6.pom"/>
				<caller organisation="org.eligosource" name="eventsourced-journal-leveldb_2.10" conf="default, compile, runtime, master" rev="1.6" rev-constraint-default="1.6" rev-constraint-dynamic="1.6" callerrev="0.6.0"/>
				<artifacts>
					<artifact name="leveldbjni-all" type="bundle" ext="jar" status="no" details="" size="1035250" time="0" location="/home/bongani/.ivy2/cache/org.fusesource.leveldbjni/leveldbjni-all/bundles/leveldbjni-all-1.6.jar">
						<origin-location is-local="false" location="http://repo1.maven.org/maven2/org/fusesource/leveldbjni/leveldbjni-all/1.6/leveldbjni-all-1.6.jar"/>
					</artifact>
				</artifacts>
			</revision>
		</module>
		<module organisation="org.fusesource.leveldbjni" name="leveldbjni-win64">
			<revision name="1.5" status="release" pubdate="20130124003052" resolver="public" artresolver="public" homepage="" downloaded="false" searched="false" default="false" conf="compile, master(*), runtime, compile(*), runtime(*), master" position="48">
				<metadata-artifact status="no" details="" size="3609" time="0" location="/home/bongani/.ivy2/cache/org.fusesource.leveldbjni/leveldbjni-win64/ivy-1.5.xml" searched="false" origin-is-local="false" origin-location="http://repo1.maven.org/maven2/org/fusesource/leveldbjni/leveldbjni-win64/1.5/leveldbjni-win64-1.5.pom"/>
				<caller organisation="org.fusesource.leveldbjni" name="leveldbjni-all" conf="compile, runtime" rev="1.5" rev-constraint-default="1.5" rev-constraint-dynamic="1.5" callerrev="1.6"/>
				<artifacts>
					<artifact name="leveldbjni-win64" type="jar" ext="jar" status="no" details="" size="126331" time="0" location="/home/bongani/.ivy2/cache/org.fusesource.leveldbjni/leveldbjni-win64/jars/leveldbjni-win64-1.5.jar">
						<origin-location is-local="false" location="http://repo1.maven.org/maven2/org/fusesource/leveldbjni/leveldbjni-win64/1.5/leveldbjni-win64-1.5.jar"/>
					</artifact>
				</artifacts>
			</revision>
		</module>
		<module organisation="org.fusesource.leveldbjni" name="leveldbjni-win32">
			<revision name="1.5" status="release" pubdate="20130124003254" resolver="public" artresolver="public" homepage="" downloaded="false" searched="false" default="false" conf="compile, master(*), runtime, compile(*), runtime(*), master" position="47">
				<metadata-artifact status="no" details="" size="3609" time="0" location="/home/bongani/.ivy2/cache/org.fusesource.leveldbjni/leveldbjni-win32/ivy-1.5.xml" searched="false" origin-is-local="false" origin-location="http://repo1.maven.org/maven2/org/fusesource/leveldbjni/leveldbjni-win32/1.5/leveldbjni-win32-1.5.pom"/>
				<caller organisation="org.fusesource.leveldbjni" name="leveldbjni-all" conf="compile, runtime" rev="1.5" rev-constraint-default="1.5" rev-constraint-dynamic="1.5" callerrev="1.6"/>
				<artifacts>
					<artifact name="leveldbjni-win32" type="jar" ext="jar" status="no" details="" size="111686" time="0" location="/home/bongani/.ivy2/cache/org.fusesource.leveldbjni/leveldbjni-win32/jars/leveldbjni-win32-1.5.jar">
						<origin-location is-local="false" location="http://repo1.maven.org/maven2/org/fusesource/leveldbjni/leveldbjni-win32/1.5/leveldbjni-win32-1.5.jar"/>
					</artifact>
				</artifacts>
			</revision>
		</module>
		<module organisation="org.fusesource.leveldbjni" name="leveldbjni-linux64">
			<revision name="1.5" status="release" pubdate="20130124001810" resolver="public" artresolver="public" homepage="" downloaded="false" searched="false" default="false" conf="compile, master(*), runtime, compile(*), runtime(*), master" position="46">
				<metadata-artifact status="no" details="" size="3607" time="0" location="/home/bongani/.ivy2/cache/org.fusesource.leveldbjni/leveldbjni-linux64/ivy-1.5.xml" searched="false" origin-is-local="false" origin-location="http://repo1.maven.org/maven2/org/fusesource/leveldbjni/leveldbjni-linux64/1.5/leveldbjni-linux64-1.5.pom"/>
				<caller organisation="org.fusesource.leveldbjni" name="leveldbjni-all" conf="compile, runtime" rev="1.5" rev-constraint-default="1.5" rev-constraint-dynamic="1.5" callerrev="1.6"/>
				<artifacts>
					<artifact name="leveldbjni-linux64" type="jar" ext="jar" status="no" details="" size="280537" time="0" location="/home/bongani/.ivy2/cache/org.fusesource.leveldbjni/leveldbjni-linux64/jars/leveldbjni-linux64-1.5.jar">
						<origin-location is-local="false" location="http://repo1.maven.org/maven2/org/fusesource/leveldbjni/leveldbjni-linux64/1.5/leveldbjni-linux64-1.5.jar"/>
					</artifact>
				</artifacts>
			</revision>
		</module>
		<module organisation="org.fusesource.leveldbjni" name="leveldbjni-linux32">
			<revision name="1.5" status="release" pubdate="20130124001810" resolver="public" artresolver="public" homepage="" downloaded="false" searched="false" default="false" conf="compile, master(*), runtime, compile(*), runtime(*), master" position="45">
				<metadata-artifact status="no" details="" size="3607" time="0" location="/home/bongani/.ivy2/cache/org.fusesource.leveldbjni/leveldbjni-linux32/ivy-1.5.xml" searched="false" origin-is-local="false" origin-location="http://repo1.maven.org/maven2/org/fusesource/leveldbjni/leveldbjni-linux32/1.5/leveldbjni-linux32-1.5.pom"/>
				<caller organisation="org.fusesource.leveldbjni" name="leveldbjni-all" conf="compile, runtime" rev="1.5" rev-constraint-default="1.5" rev-constraint-dynamic="1.5" callerrev="1.6"/>
				<artifacts>
					<artifact name="leveldbjni-linux32" type="jar" ext="jar" status="no" details="" size="281930" time="0" location="/home/bongani/.ivy2/cache/org.fusesource.leveldbjni/leveldbjni-linux32/jars/leveldbjni-linux32-1.5.jar">
						<origin-location is-local="false" location="http://repo1.maven.org/maven2/org/fusesource/leveldbjni/leveldbjni-linux32/1.5/leveldbjni-linux32-1.5.jar"/>
					</artifact>
				</artifacts>
			</revision>
		</module>
		<module organisation="org.fusesource.leveldbjni" name="leveldbjni-osx">
			<revision name="1.5" status="release" pubdate="20130124000531" resolver="public" artresolver="public" homepage="" downloaded="false" searched="false" default="false" conf="compile, master(*), runtime, compile(*), runtime(*), master" position="41">
				<metadata-artifact status="no" details="" size="3858" time="0" location="/home/bongani/.ivy2/cache/org.fusesource.leveldbjni/leveldbjni-osx/ivy-1.5.xml" searched="false" origin-is-local="false" origin-location="http://repo1.maven.org/maven2/org/fusesource/leveldbjni/leveldbjni-osx/1.5/leveldbjni-osx-1.5.pom"/>
				<caller organisation="org.fusesource.leveldbjni" name="leveldbjni-all" conf="compile, runtime" rev="1.5" rev-constraint-default="1.5" rev-constraint-dynamic="1.5" callerrev="1.6"/>
				<artifacts>
					<artifact name="leveldbjni-osx" type="jar" ext="jar" status="no" details="" size="167140" time="0" location="/home/bongani/.ivy2/cache/org.fusesource.leveldbjni/leveldbjni-osx/jars/leveldbjni-osx-1.5.jar">
						<origin-location is-local="false" location="http://repo1.maven.org/maven2/org/fusesource/leveldbjni/leveldbjni-osx/1.5/leveldbjni-osx-1.5.jar"/>
					</artifact>
				</artifacts>
			</revision>
		</module>
		<module organisation="org.fusesource.leveldbjni" name="leveldbjni">
			<revision name="1.5" status="release" pubdate="20130124000329" resolver="public" artresolver="public" homepage="" downloaded="false" searched="false" default="false" conf="compile, master(*), runtime, compile(*), runtime(*), master" position="42">
				<metadata-artifact status="no" details="" size="3985" time="0" location="/home/bongani/.ivy2/cache/org.fusesource.leveldbjni/leveldbjni/ivy-1.5.xml" searched="false" origin-is-local="false" origin-location="http://repo1.maven.org/maven2/org/fusesource/leveldbjni/leveldbjni/1.5/leveldbjni-1.5.pom"/>
				<caller organisation="org.fusesource.leveldbjni" name="leveldbjni-win32" conf="compile, runtime" rev="1.5" rev-constraint-default="1.5" rev-constraint-dynamic="1.5" callerrev="1.5"/>
				<caller organisation="org.fusesource.leveldbjni" name="leveldbjni-linux32" conf="compile, runtime" rev="1.5" rev-constraint-default="1.5" rev-constraint-dynamic="1.5" callerrev="1.5"/>
				<caller organisation="org.fusesource.leveldbjni" name="leveldbjni-linux64" conf="compile, runtime" rev="1.5" rev-constraint-default="1.5" rev-constraint-dynamic="1.5" callerrev="1.5"/>
				<caller organisation="org.fusesource.leveldbjni" name="leveldbjni-osx" conf="compile, runtime" rev="1.5" rev-constraint-default="1.5" rev-constraint-dynamic="1.5" callerrev="1.5"/>
				<caller organisation="org.fusesource.leveldbjni" name="leveldbjni-win64" conf="compile, runtime" rev="1.5" rev-constraint-default="1.5" rev-constraint-dynamic="1.5" callerrev="1.5"/>
				<artifacts>
					<artifact name="leveldbjni" type="jar" ext="jar" status="no" details="" size="55983" time="0" location="/home/bongani/.ivy2/cache/org.fusesource.leveldbjni/leveldbjni/jars/leveldbjni-1.5.jar">
						<origin-location is-local="false" location="http://repo1.maven.org/maven2/org/fusesource/leveldbjni/leveldbjni/1.5/leveldbjni-1.5.jar"/>
					</artifact>
				</artifacts>
			</revision>
		</module>
		<module organisation="org.iq80.leveldb" name="leveldb-api">
			<revision name="0.5" status="release" pubdate="20130122203949" resolver="sbt-chain" artresolver="sbt-chain" homepage="" downloaded="false" searched="false" default="false" conf="compile, master(*), runtime, compile(*), runtime(*), master" position="44">
				<metadata-artifact status="no" details="" size="2744" time="0" location="/home/bongani/.ivy2/cache/org.iq80.leveldb/leveldb-api/ivy-0.5.xml" searched="false" origin-is-local="false" origin-location="http://oss.sonatype.org/content/repositories/releases/org/iq80/leveldb/leveldb-api/0.5/leveldb-api-0.5.pom"/>
				<caller organisation="org.iq80.leveldb" name="leveldb" conf="compile, runtime" rev="0.5" rev-constraint-default="0.5" rev-constraint-dynamic="0.5" callerrev="0.5"/>
				<caller organisation="org.fusesource.leveldbjni" name="leveldbjni" conf="compile, runtime" rev="0.5" rev-constraint-default="0.5" rev-constraint-dynamic="0.5" callerrev="1.5"/>
				<artifacts>
					<artifact name="leveldb-api" type="jar" ext="jar" status="no" details="" size="9233" time="0" location="/home/bongani/.ivy2/cache/org.iq80.leveldb/leveldb-api/jars/leveldb-api-0.5.jar">
						<origin-location is-local="false" location="http://oss.sonatype.org/content/repositories/releases/org/iq80/leveldb/leveldb-api/0.5/leveldb-api-0.5.jar"/>
					</artifact>
				</artifacts>
			</revision>
		</module>
		<module organisation="org.fusesource.hawtjni" name="hawtjni-runtime">
			<revision name="1.6" status="release" pubdate="20120809164318" resolver="public" artresolver="public" homepage="" downloaded="false" searched="false" default="false" conf="compile, master(*), runtime, compile(*), runtime(*), master" position="43">
				<metadata-artifact status="no" details="" size="3652" time="0" location="/home/bongani/.ivy2/cache/org.fusesource.hawtjni/hawtjni-runtime/ivy-1.6.xml" searched="false" origin-is-local="false" origin-location="http://repo1.maven.org/maven2/org/fusesource/hawtjni/hawtjni-runtime/1.6/hawtjni-runtime-1.6.pom"/>
				<caller organisation="org.fusesource.leveldbjni" name="leveldbjni" conf="compile, runtime" rev="1.6" rev-constraint-default="1.6" rev-constraint-dynamic="1.6" callerrev="1.5"/>
				<artifacts>
					<artifact name="hawtjni-runtime" type="jar" ext="jar" status="no" details="" size="19821" time="0" location="/home/bongani/.ivy2/cache/org.fusesource.hawtjni/hawtjni-runtime/jars/hawtjni-runtime-1.6.jar">
						<origin-location is-local="false" location="http://repo1.maven.org/maven2/org/fusesource/hawtjni/hawtjni-runtime/1.6/hawtjni-runtime-1.6.jar"/>
					</artifact>
				</artifacts>
			</revision>
		</module>
		<module organisation="org.eligosource" name="eventsourced-journal-common_2.10">
			<revision name="0.6.0" status="release" pubdate="20130821071853" resolver="Eligosource Releases" artresolver="Eligosource Releases" homepage="" downloaded="false" searched="false" default="false" conf="compile, master(*), runtime, compile(*), runtime(*), master" position="19">
				<metadata-artifact status="no" details="" size="4333" time="0" location="/home/bongani/.ivy2/cache/org.eligosource/eventsourced-journal-common_2.10/ivy-0.6.0.xml" searched="false" origin-is-local="false" origin-location="http://repo.eligotech.com/nexus/content/repositories/eligosource-releases/org/eligosource/eventsourced-journal-common_2.10/0.6.0/eventsourced-journal-common_2.10-0.6.0.pom"/>
				<caller organisation="org.eligosource" name="eventsourced-journal-leveldb_2.10" conf="default, compile, runtime, master" rev="0.6.0" rev-constraint-default="0.6.0" rev-constraint-dynamic="0.6.0" callerrev="0.6.0"/>
				<artifacts>
					<artifact name="eventsourced-journal-common_2.10" type="jar" ext="jar" status="no" details="" size="243579" time="0" location="/home/bongani/.ivy2/cache/org.eligosource/eventsourced-journal-common_2.10/jars/eventsourced-journal-common_2.10-0.6.0.jar">
						<origin-location is-local="false" location="http://repo.eligotech.com/nexus/content/repositories/eligosource-releases/org/eligosource/eventsourced-journal-common_2.10/0.6.0/eventsourced-journal-common_2.10-0.6.0.jar"/>
					</artifact>
				</artifacts>
			</revision>
		</module>
		<module organisation="org.apache.hadoop" name="hadoop-core">
			<revision name="1.1.1" status="release" pubdate="20121120222336" resolver="public" artresolver="public" homepage="" downloaded="false" searched="false" default="false" conf="compile, master(*), runtime, compile(*), runtime(*), master" position="21">
				<metadata-artifact status="no" details="" size="4961" time="0" location="/home/bongani/.ivy2/cache/org.apache.hadoop/hadoop-core/ivy-1.1.1.xml" searched="false" origin-is-local="false" origin-location="http://repo1.maven.org/maven2/org/apache/hadoop/hadoop-core/1.1.1/hadoop-core-1.1.1.pom"/>
				<caller organisation="org.eligosource" name="eventsourced-journal-common_2.10" conf="compile, runtime" rev="1.1.1" rev-constraint-default="1.1.1" rev-constraint-dynamic="1.1.1" callerrev="0.6.0"/>
				<artifacts>
					<artifact name="hadoop-core" type="jar" ext="jar" status="no" details="" size="4031533" time="0" location="/home/bongani/.ivy2/cache/org.apache.hadoop/hadoop-core/jars/hadoop-core-1.1.1.jar">
						<origin-location is-local="false" location="http://repo1.maven.org/maven2/org/apache/hadoop/hadoop-core/1.1.1/hadoop-core-1.1.1.jar"/>
					</artifact>
				</artifacts>
			</revision>
		</module>
		<module organisation="org.codehaus.jackson" name="jackson-mapper-asl">
			<revision name="1.8.8" status="release" pubdate="20120121032502" resolver="public" artresolver="public" homepage="http://jackson.codehaus.org" downloaded="false" searched="false" default="false" conf="compile, master(*), runtime, compile(*), runtime(*), master" position="38">
				<license name="The Apache Software License, Version 2.0" url="http://www.apache.org/licenses/LICENSE-2.0.txt"/>
				<metadata-artifact status="no" details="" size="2653" time="0" location="/home/bongani/.ivy2/cache/org.codehaus.jackson/jackson-mapper-asl/ivy-1.8.8.xml" searched="false" origin-is-local="false" origin-location="http://repo1.maven.org/maven2/org/codehaus/jackson/jackson-mapper-asl/1.8.8/jackson-mapper-asl-1.8.8.pom"/>
				<caller organisation="org.apache.hadoop" name="hadoop-core" conf="compile, runtime" rev="1.8.8" rev-constraint-default="1.8.8" rev-constraint-dynamic="1.8.8" callerrev="1.1.1"/>
				<artifacts>
					<artifact name="jackson-mapper-asl" type="jar" ext="jar" status="no" details="" size="668564" time="0" location="/home/bongani/.ivy2/cache/org.codehaus.jackson/jackson-mapper-asl/jars/jackson-mapper-asl-1.8.8.jar">
						<origin-location is-local="false" location="http://repo1.maven.org/maven2/org/codehaus/jackson/jackson-mapper-asl/1.8.8/jackson-mapper-asl-1.8.8.jar"/>
					</artifact>
				</artifacts>
			</revision>
		</module>
		<module organisation="org.codehaus.jackson" name="jackson-core-asl">
			<revision name="1.8.8" status="release" pubdate="20120121032420" resolver="public" artresolver="public" homepage="http://jackson.codehaus.org" downloaded="false" searched="false" default="false" conf="compile, master(*), runtime, compile(*), runtime(*), master" position="39">
				<license name="The Apache Software License, Version 2.0" url="http://www.apache.org/licenses/LICENSE-2.0.txt"/>
				<metadata-artifact status="no" details="" size="2437" time="0" location="/home/bongani/.ivy2/cache/org.codehaus.jackson/jackson-core-asl/ivy-1.8.8.xml" searched="false" origin-is-local="false" origin-location="http://repo1.maven.org/maven2/org/codehaus/jackson/jackson-core-asl/1.8.8/jackson-core-asl-1.8.8.pom"/>
				<caller organisation="org.codehaus.jackson" name="jackson-mapper-asl" conf="compile, runtime" rev="1.8.8" rev-constraint-default="1.8.8" rev-constraint-dynamic="1.8.8" callerrev="1.8.8"/>
				<artifacts>
					<artifact name="jackson-core-asl" type="jar" ext="jar" status="no" details="" size="227500" time="0" location="/home/bongani/.ivy2/cache/org.codehaus.jackson/jackson-core-asl/jars/jackson-core-asl-1.8.8.jar">
						<origin-location is-local="false" location="http://repo1.maven.org/maven2/org/codehaus/jackson/jackson-core-asl/1.8.8/jackson-core-asl-1.8.8.jar"/>
					</artifact>
				</artifacts>
			</revision>
		</module>
		<module organisation="org.eclipse.jdt" name="core">
			<revision name="3.1.1" status="release" pubdate="20060831193226" resolver="public" artresolver="public" homepage="http://www.eclipse.org/jdt/" downloaded="false" searched="false" default="false" conf="compile, master(*), runtime, compile(*), runtime(*), master" position="37">
				<license name="Eclipse Public License v1.0" url="http://www.eclipse.org/org/documents/epl-v10.php"/>
				<metadata-artifact status="no" details="" size="2315" time="0" location="/home/bongani/.ivy2/cache/org.eclipse.jdt/core/ivy-3.1.1.xml" searched="false" origin-is-local="false" origin-location="http://repo1.maven.org/maven2/org/eclipse/jdt/core/3.1.1/core-3.1.1.pom"/>
				<caller organisation="org.apache.hadoop" name="hadoop-core" conf="compile, runtime" rev="3.1.1" rev-constraint-default="3.1.1" rev-constraint-dynamic="3.1.1" callerrev="1.1.1"/>
				<artifacts>
					<artifact name="core" type="jar" ext="jar" status="no" details="" size="3566844" time="0" location="/home/bongani/.ivy2/cache/org.eclipse.jdt/core/jars/core-3.1.1.jar">
						<origin-location is-local="false" location="http://repo1.maven.org/maven2/org/eclipse/jdt/core/3.1.1/core-3.1.1.jar"/>
					</artifact>
				</artifacts>
			</revision>
		</module>
		<module organisation="hsqldb" name="hsqldb">
			<revision name="1.8.0.10" status="release" pubdate="20090519232027" resolver="public" artresolver="public" homepage="http://hsqldb.org/" downloaded="false" searched="false" default="false" conf="compile, master(*), runtime, compile(*), runtime(*), master" position="36">
				<license name="HSQLDB License" url="http://hsqldb.org/web/hsqlLicense.html"/>
				<metadata-artifact status="no" details="" size="2340" time="0" location="/home/bongani/.ivy2/cache/hsqldb/hsqldb/ivy-1.8.0.10.xml" searched="false" origin-is-local="false" origin-location="http://repo1.maven.org/maven2/hsqldb/hsqldb/1.8.0.10/hsqldb-1.8.0.10.pom"/>
				<caller organisation="org.apache.hadoop" name="hadoop-core" conf="compile, runtime" rev="1.8.0.10" rev-constraint-default="1.8.0.10" rev-constraint-dynamic="1.8.0.10" callerrev="1.1.1"/>
				<artifacts>
					<artifact name="hsqldb" type="jar" ext="jar" status="no" details="" size="706710" time="0" location="/home/bongani/.ivy2/cache/hsqldb/hsqldb/jars/hsqldb-1.8.0.10.jar">
						<origin-location is-local="false" location="http://repo1.maven.org/maven2/hsqldb/hsqldb/1.8.0.10/hsqldb-1.8.0.10.jar"/>
					</artifact>
				</artifacts>
			</revision>
		</module>
		<module organisation="net.java.dev.jets3t" name="jets3t">
			<revision name="0.6.1" status="release" pubdate="20080810114952" resolver="public" artresolver="public" homepage="http://jets3t.s3.amazonaws.com/index.html" downloaded="false" searched="false" default="false" conf="compile, master(*), runtime, compile(*), runtime(*), master" position="35">
				<license name="Apache License, Version 2.0" url="http://www.apache.org/licenses/LICENSE-2.0"/>
				<metadata-artifact status="no" details="" size="3056" time="0" location="/home/bongani/.ivy2/cache/net.java.dev.jets3t/jets3t/ivy-0.6.1.xml" searched="false" origin-is-local="false" origin-location="http://repo1.maven.org/maven2/net/java/dev/jets3t/jets3t/0.6.1/jets3t-0.6.1.pom"/>
				<caller organisation="org.apache.hadoop" name="hadoop-core" conf="compile, runtime" rev="0.6.1" rev-constraint-default="0.6.1" rev-constraint-dynamic="0.6.1" callerrev="1.1.1"/>
				<artifacts>
					<artifact name="jets3t" type="jar" ext="jar" status="no" details="" size="321806" time="0" location="/home/bongani/.ivy2/cache/net.java.dev.jets3t/jets3t/jars/jets3t-0.6.1.jar">
						<origin-location is-local="false" location="http://repo1.maven.org/maven2/net/java/dev/jets3t/jets3t/0.6.1/jets3t-0.6.1.jar"/>
					</artifact>
				</artifacts>
			</revision>
		</module>
		<module organisation="commons-el" name="commons-el">
			<revision name="1.0" status="release" pubdate="20051109002050" resolver="public" artresolver="public" homepage="http://jakarta.apache.org/commons/el/" downloaded="false" searched="false" default="false" conf="compile, master(*), runtime, compile(*), runtime(*), master" position="34">
				<license name="The Apache Software License, Version 2.0" url="/LICENSE.txt"/>
				<metadata-artifact status="no" details="" size="2907" time="0" location="/home/bongani/.ivy2/cache/commons-el/commons-el/ivy-1.0.xml" searched="false" origin-is-local="false" origin-location="http://repo1.maven.org/maven2/commons-el/commons-el/1.0/commons-el-1.0.pom"/>
				<caller organisation="org.apache.hadoop" name="hadoop-core" conf="compile, runtime" rev="1.0" rev-constraint-default="1.0" rev-constraint-dynamic="1.0" callerrev="1.1.1"/>
				<artifacts>
					<artifact name="commons-el" type="jar" ext="jar" status="no" details="" size="112341" time="0" location="/home/bongani/.ivy2/cache/commons-el/commons-el/jars/commons-el-1.0.jar">
						<origin-location is-local="false" location="http://repo1.maven.org/maven2/commons-el/commons-el/1.0/commons-el-1.0.jar"/>
					</artifact>
				</artifacts>
			</revision>
		</module>
		<module organisation="commons-net" name="commons-net">
			<revision name="1.4.1" status="release" pubdate="20051221142333" resolver="public" artresolver="public" homepage="http://jakarta.apache.org/commons/${pom.artifactId.substring(8)}/" downloaded="false" searched="false" default="false" conf="compile, master(*), runtime, compile(*), runtime(*), master" position="32">
				<license name="The Apache Software License, Version 2.0" url="/LICENSE.txt"/>
				<metadata-artifact status="no" details="" size="2585" time="0" location="/home/bongani/.ivy2/cache/commons-net/commons-net/ivy-1.4.1.xml" searched="false" origin-is-local="false" origin-location="http://repo1.maven.org/maven2/commons-net/commons-net/1.4.1/commons-net-1.4.1.pom"/>
				<caller organisation="org.apache.hadoop" name="hadoop-core" conf="compile, runtime" rev="1.4.1" rev-constraint-default="1.4.1" rev-constraint-dynamic="1.4.1" callerrev="1.1.1"/>
				<artifacts>
					<artifact name="commons-net" type="jar" ext="jar" status="no" details="" size="180792" time="0" location="/home/bongani/.ivy2/cache/commons-net/commons-net/jars/commons-net-1.4.1.jar">
						<origin-location is-local="false" location="http://repo1.maven.org/maven2/commons-net/commons-net/1.4.1/commons-net-1.4.1.jar"/>
					</artifact>
				</artifacts>
			</revision>
		</module>
		<module organisation="oro" name="oro">
			<revision name="2.0.8" status="release" pubdate="20051109002901" resolver="public" artresolver="public" homepage="" downloaded="false" searched="false" default="false" conf="compile, master(*), runtime, compile(*), runtime(*), master" position="33">
				<metadata-artifact status="no" details="" size="2170" time="0" location="/home/bongani/.ivy2/cache/oro/oro/ivy-2.0.8.xml" searched="false" origin-is-local="false" origin-location="http://repo1.maven.org/maven2/oro/oro/2.0.8/oro-2.0.8.pom"/>
				<caller organisation="org.apache.hadoop" name="hadoop-core" conf="compile, runtime" rev="2.0.8" rev-constraint-default="2.0.8" rev-constraint-dynamic="2.0.8" callerrev="1.1.1"/>
				<caller organisation="commons-net" name="commons-net" conf="compile, runtime" rev="2.0.8" rev-constraint-default="2.0.8" rev-constraint-dynamic="2.0.8" callerrev="1.4.1"/>
				<artifacts>
					<artifact name="oro" type="jar" ext="jar" status="no" details="" size="65261" time="0" location="/home/bongani/.ivy2/cache/oro/oro/jars/oro-2.0.8.jar">
						<origin-location is-local="false" location="http://repo1.maven.org/maven2/oro/oro/2.0.8/oro-2.0.8.jar"/>
					</artifact>
				</artifacts>
			</revision>
		</module>
		<module organisation="commons-configuration" name="commons-configuration">
			<revision name="1.6" status="release" pubdate="20090204214444" resolver="public" artresolver="public" homepage="http://commons.apache.org/${pom.artifactId.substring(8)}/" downloaded="false" searched="false" default="false" conf="compile, master(*), runtime, compile(*), runtime(*), master" position="27">
				<license name="The Apache Software License, Version 2.0" url="/LICENSE.txt"/>
				<metadata-artifact status="no" details="" size="5546" time="0" location="/home/bongani/.ivy2/cache/commons-configuration/commons-configuration/ivy-1.6.xml" searched="false" origin-is-local="false" origin-location="http://repo1.maven.org/maven2/commons-configuration/commons-configuration/1.6/commons-configuration-1.6.pom"/>
				<caller organisation="org.apache.hadoop" name="hadoop-core" conf="compile, runtime" rev="1.6" rev-constraint-default="1.6" rev-constraint-dynamic="1.6" callerrev="1.1.1"/>
				<artifacts>
					<artifact name="commons-configuration" type="jar" ext="jar" status="no" details="" size="298829" time="0" location="/home/bongani/.ivy2/cache/commons-configuration/commons-configuration/jars/commons-configuration-1.6.jar">
						<origin-location is-local="false" location="http://repo1.maven.org/maven2/commons-configuration/commons-configuration/1.6/commons-configuration-1.6.jar"/>
					</artifact>
				</artifacts>
			</revision>
		</module>
		<module organisation="commons-digester" name="commons-digester">
			<revision name="1.8" status="release" pubdate="20061203203311" resolver="public" artresolver="public" homepage="http://jakarta.apache.org/commons/digester/" downloaded="false" searched="false" default="false" conf="compile, master(*), runtime, compile(*), runtime(*), master" position="30">
				<license name="The Apache Software License, Version 2.0" url="/LICENSE.txt"/>
				<metadata-artifact status="no" details="" size="3201" time="0" location="/home/bongani/.ivy2/cache/commons-digester/commons-digester/ivy-1.8.xml" searched="false" origin-is-local="false" origin-location="http://repo1.maven.org/maven2/commons-digester/commons-digester/1.8/commons-digester-1.8.pom"/>
				<caller organisation="commons-configuration" name="commons-configuration" conf="compile, runtime" rev="1.8" rev-constraint-default="1.8" rev-constraint-dynamic="1.8" callerrev="1.6"/>
				<artifacts>
					<artifact name="commons-digester" type="jar" ext="jar" status="no" details="" size="143602" time="0" location="/home/bongani/.ivy2/cache/commons-digester/commons-digester/jars/commons-digester-1.8.jar">
						<origin-location is-local="false" location="http://repo1.maven.org/maven2/commons-digester/commons-digester/1.8/commons-digester-1.8.jar"/>
					</artifact>
				</artifacts>
			</revision>
		</module>
		<module organisation="commons-beanutils" name="commons-beanutils">
			<revision name="1.7.0" status="release" pubdate="20051109002021" resolver="public" artresolver="public" homepage="" downloaded="false" searched="false" default="false" conf="compile, master(*), runtime, compile(*), runtime(*), master" position="31">
				<metadata-artifact status="no" details="" size="2388" time="0" location="/home/bongani/.ivy2/cache/commons-beanutils/commons-beanutils/ivy-1.7.0.xml" searched="false" origin-is-local="false" origin-location="http://repo1.maven.org/maven2/commons-beanutils/commons-beanutils/1.7.0/commons-beanutils-1.7.0.pom"/>
				<caller organisation="commons-digester" name="commons-digester" conf="compile, runtime" rev="1.7.0" rev-constraint-default="1.7.0" rev-constraint-dynamic="1.7.0" callerrev="1.8"/>
				<artifacts>
					<artifact name="commons-beanutils" type="jar" ext="jar" status="no" details="" size="188671" time="0" location="/home/bongani/.ivy2/cache/commons-beanutils/commons-beanutils/jars/commons-beanutils-1.7.0.jar">
						<origin-location is-local="false" location="http://repo1.maven.org/maven2/commons-beanutils/commons-beanutils/1.7.0/commons-beanutils-1.7.0.jar"/>
					</artifact>
				</artifacts>
			</revision>
		</module>
		<module organisation="commons-lang" name="commons-lang">
			<revision name="2.4" status="release" pubdate="20080319074228" resolver="public" artresolver="public" homepage="http://commons.apache.org/lang/" downloaded="false" searched="false" default="false" conf="compile, master(*), runtime, compile(*), runtime(*), master" position="28">
				<metadata-artifact status="no" details="" size="4638" time="0" location="/home/bongani/.ivy2/cache/commons-lang/commons-lang/ivy-2.4.xml" searched="false" origin-is-local="false" origin-location="http://repo1.maven.org/maven2/commons-lang/commons-lang/2.4/commons-lang-2.4.pom"/>
				<caller organisation="commons-configuration" name="commons-configuration" conf="compile, runtime" rev="2.4" rev-constraint-default="2.4" rev-constraint-dynamic="2.4" callerrev="1.6"/>
				<artifacts>
					<artifact name="commons-lang" type="jar" ext="jar" status="no" details="" size="261809" time="0" location="/home/bongani/.ivy2/cache/commons-lang/commons-lang/jars/commons-lang-2.4.jar">
						<origin-location is-local="false" location="http://repo1.maven.org/maven2/commons-lang/commons-lang/2.4/commons-lang-2.4.jar"/>
					</artifact>
				</artifacts>
			</revision>
		</module>
		<module organisation="org.apache.commons" name="commons-math">
			<revision name="2.1" status="release" pubdate="20100328044801" resolver="public" artresolver="public" homepage="http://commons.apache.org/math/" downloaded="false" searched="false" default="false" conf="compile, master(*), runtime, compile(*), runtime(*), master" position="26">
				<metadata-artifact status="no" details="" size="5887" time="0" location="/home/bongani/.ivy2/cache/org.apache.commons/commons-math/ivy-2.1.xml" searched="false" origin-is-local="false" origin-location="http://repo1.maven.org/maven2/org/apache/commons/commons-math/2.1/commons-math-2.1.pom"/>
				<caller organisation="org.apache.hadoop" name="hadoop-core" conf="compile, runtime" rev="2.1" rev-constraint-default="2.1" rev-constraint-dynamic="2.1" callerrev="1.1.1"/>
				<artifacts>
					<artifact name="commons-math" type="jar" ext="jar" status="no" details="" size="832410" time="0" location="/home/bongani/.ivy2/cache/org.apache.commons/commons-math/jars/commons-math-2.1.jar">
						<origin-location is-local="false" location="http://repo1.maven.org/maven2/org/apache/commons/commons-math/2.1/commons-math-2.1.jar"/>
					</artifact>
				</artifacts>
			</revision>
		</module>
		<module organisation="commons-codec" name="commons-codec">
			<revision name="1.4" status="release" pubdate="20090809232217" resolver="sbt-chain" artresolver="sbt-chain" homepage="http://commons.apache.org/codec/" downloaded="false" searched="false" default="false" conf="compile, master(*), runtime, compile(*), runtime(*), master" position="25">
				<metadata-artifact status="no" details="" size="4984" time="0" location="/home/bongani/.ivy2/cache/commons-codec/commons-codec/ivy-1.4.xml" searched="false" origin-is-local="false" origin-location="http://repo1.maven.org/maven2/commons-codec/commons-codec/1.4/commons-codec-1.4.pom"/>
				<caller organisation="org.apache.hadoop" name="hadoop-core" conf="compile, runtime" rev="1.4" rev-constraint-default="1.4" rev-constraint-dynamic="1.4" callerrev="1.1.1"/>
				<caller organisation="net.java.dev.jets3t" name="jets3t" conf="compile, runtime" rev="1.3" rev-constraint-default="1.3" rev-constraint-dynamic="1.3" callerrev="0.6.1"/>
				<artifacts>
					<artifact name="commons-codec" type="jar" ext="jar" status="no" details="" size="58160" time="0" location="/home/bongani/.ivy2/cache/commons-codec/commons-codec/jars/commons-codec-1.4.jar">
						<origin-location is-local="false" location="http://repo1.maven.org/maven2/commons-codec/commons-codec/1.4/commons-codec-1.4.jar"/>
					</artifact>
				</artifacts>
			</revision>
			<revision name="1.3" evicted="latest-revision" evicted-reason="" downloaded="false" searched="false" conf="compile, master(*), runtime, compile(*), runtime(*), master" position="-1">
				<evicted-by rev="1.4"/>
				<caller organisation="net.java.dev.jets3t" name="jets3t" conf="compile, runtime" rev="1.3" rev-constraint-default="1.3" rev-constraint-dynamic="1.3" callerrev="0.6.1"/>
				<artifacts>
				</artifacts>
			</revision>
		</module>
		<module organisation="commons-io" name="commons-io">
			<revision name="2.1" status="release" pubdate="20111003233236" resolver="public" artresolver="public" homepage="http://commons.apache.org/io/" downloaded="false" searched="false" default="false" conf="compile, master(*), runtime, compile(*), runtime(*), master" position="24">
				<metadata-artifact status="no" details="" size="7649" time="0" location="/home/bongani/.ivy2/cache/commons-io/commons-io/ivy-2.1.xml" searched="false" origin-is-local="false" origin-location="http://repo1.maven.org/maven2/commons-io/commons-io/2.1/commons-io-2.1.pom"/>
				<caller organisation="org.apache.hadoop" name="hadoop-core" conf="compile, runtime" rev="2.1" rev-constraint-default="2.1" rev-constraint-dynamic="2.1" callerrev="1.1.1"/>
				<artifacts>
					<artifact name="commons-io" type="jar" ext="jar" status="no" details="" size="163151" time="0" location="/home/bongani/.ivy2/cache/commons-io/commons-io/jars/commons-io-2.1.jar">
						<origin-location is-local="false" location="http://repo1.maven.org/maven2/commons-io/commons-io/2.1/commons-io-2.1.jar"/>
					</artifact>
				</artifacts>
			</revision>
		</module>
		<module organisation="xmlenc" name="xmlenc">
			<revision name="0.52" status="release" pubdate="20061124042444" resolver="public" artresolver="public" homepage="http://xmlenc.sourceforge.net" downloaded="false" searched="false" default="false" conf="compile, master(*), runtime, compile(*), runtime(*), master" position="23">
				<license name="The BSD License" url="http://www.opensource.org/licenses/bsd-license.php"/>
				<metadata-artifact status="no" details="" size="2333" time="0" location="/home/bongani/.ivy2/cache/xmlenc/xmlenc/ivy-0.52.xml" searched="false" origin-is-local="false" origin-location="http://repo1.maven.org/maven2/xmlenc/xmlenc/0.52/xmlenc-0.52.pom"/>
				<caller organisation="org.apache.hadoop" name="hadoop-core" conf="compile, runtime" rev="0.52" rev-constraint-default="0.52" rev-constraint-dynamic="0.52" callerrev="1.1.1"/>
				<artifacts>
					<artifact name="xmlenc" type="jar" ext="jar" status="no" details="" size="15010" time="0" location="/home/bongani/.ivy2/cache/xmlenc/xmlenc/jars/xmlenc-0.52.jar">
						<origin-location is-local="false" location="http://repo1.maven.org/maven2/xmlenc/xmlenc/0.52/xmlenc-0.52.jar"/>
					</artifact>
				</artifacts>
			</revision>
		</module>
		<module organisation="commons-cli" name="commons-cli">
			<revision name="1.2" status="release" pubdate="20090319220832" resolver="public" artresolver="public" homepage="http://commons.apache.org/cli/" downloaded="false" searched="false" default="false" conf="compile, master(*), runtime, compile(*), runtime(*), master" position="22">
				<metadata-artifact status="no" details="" size="4450" time="0" location="/home/bongani/.ivy2/cache/commons-cli/commons-cli/ivy-1.2.xml" searched="false" origin-is-local="false" origin-location="http://repo1.maven.org/maven2/commons-cli/commons-cli/1.2/commons-cli-1.2.pom"/>
				<caller organisation="org.apache.hadoop" name="hadoop-core" conf="compile, runtime" rev="1.2" rev-constraint-default="1.2" rev-constraint-dynamic="1.2" callerrev="1.1.1"/>
				<artifacts>
					<artifact name="commons-cli" type="jar" ext="jar" status="no" details="" size="41123" time="0" location="/home/bongani/.ivy2/cache/commons-cli/commons-cli/jars/commons-cli-1.2.jar">
						<origin-location is-local="false" location="http://repo1.maven.org/maven2/commons-cli/commons-cli/1.2/commons-cli-1.2.jar"/>
					</artifact>
				</artifacts>
			</revision>
		</module>
		<module organisation="com.google.protobuf" name="protobuf-java">
			<revision name="2.4.1" status="release" pubdate="20121011094452" resolver="sbt-chain" artresolver="sbt-chain" homepage="http://code.google.com/p/protobuf" downloaded="false" searched="false" default="false" conf="compile, master(*), runtime, compile(*), runtime(*), master" position="20">
				<license name="New BSD license" url="http://www.opensource.org/licenses/bsd-license.php"/>
				<metadata-artifact status="no" details="" size="2948" time="0" location="/home/bongani/.ivy2/cache/com.google.protobuf/protobuf-java/ivy-2.4.1.xml" searched="false" origin-is-local="false" origin-location="http://repo.typesafe.com/typesafe/releases/com/google/protobuf/protobuf-java/2.4.1/protobuf-java-2.4.1.pom"/>
				<caller organisation="org.eligosource" name="eventsourced-journal-common_2.10" conf="compile, runtime" rev="2.4.1" rev-constraint-default="2.4.1" rev-constraint-dynamic="2.4.1" callerrev="0.6.0"/>
				<artifacts>
					<artifact name="protobuf-java" type="jar" ext="jar" status="no" details="" size="450279" time="0" location="/home/bongani/.ivy2/cache/com.google.protobuf/protobuf-java/jars/protobuf-java-2.4.1.jar">
						<origin-location is-local="false" location="http://repo.typesafe.com/typesafe/releases/com/google/protobuf/protobuf-java/2.4.1/protobuf-java-2.4.1.jar"/>
					</artifact>
				</artifacts>
			</revision>
		</module>
		<module organisation="org.eligosource" name="eventsourced-core_2.10">
			<revision name="0.6.0" status="release" pubdate="20130821071811" resolver="Eligosource Releases" artresolver="Eligosource Releases" homepage="" downloaded="false" searched="false" default="false" conf="default(compile), default, compile, master(*), compile(*), runtime, runtime(*), master" position="17">
				<metadata-artifact status="no" details="" size="2691" time="0" location="/home/bongani/.ivy2/cache/org.eligosource/eventsourced-core_2.10/ivy-0.6.0.xml" searched="false" origin-is-local="false" origin-location="http://repo.eligotech.com/nexus/content/repositories/eligosource-releases/org/eligosource/eventsourced-core_2.10/0.6.0/eventsourced-core_2.10-0.6.0.pom"/>
				<caller organisation="org.eligosource" name="eventsourced-journal-common_2.10" conf="compile, runtime" rev="0.6.0" rev-constraint-default="0.6.0" rev-constraint-dynamic="0.6.0" callerrev="0.6.0"/>
				<caller organisation="self.made" name="sharingan" conf="test-internal, test, optional, compile, provided, runtime" rev="0.6.0" rev-constraint-default="0.6.0" rev-constraint-dynamic="0.6.0" callerrev="0.1"/>
				<artifacts>
					<artifact name="eventsourced-core_2.10" type="jar" ext="jar" status="no" details="" size="337831" time="0" location="/home/bongani/.ivy2/cache/org.eligosource/eventsourced-core_2.10/jars/eventsourced-core_2.10-0.6.0.jar">
						<origin-location is-local="false" location="http://repo.eligotech.com/nexus/content/repositories/eligosource-releases/org/eligosource/eventsourced-core_2.10/0.6.0/eventsourced-core_2.10-0.6.0.jar"/>
					</artifact>
				</artifacts>
			</revision>
		</module>
		<module organisation="org.scala-lang" name="scala-compiler">
			<revision name="2.10.2" status="release" pubdate="20130606200625" resolver="sbt-chain" artresolver="sbt-chain" homepage="http://www.scala-lang.org/" downloaded="false" searched="false" default="false" conf="compile, master(*), runtime, compile(*), runtime(*), master" position="14">
				<license name="BSD-like" url="http://www.scala-lang.org/downloads/license.html    "/>
				<metadata-artifact status="no" details="" size="2809" time="0" location="/home/bongani/.ivy2/cache/org.scala-lang/scala-compiler/ivy-2.10.2.xml" searched="false" origin-is-local="false" origin-location="http://repo1.maven.org/maven2/org/scala-lang/scala-compiler/2.10.2/scala-compiler-2.10.2.pom"/>
				<caller organisation="org.scala-lang" name="scalap" conf="compile, runtime" rev="2.10.2" rev-constraint-default="2.10.2" rev-constraint-dynamic="2.10.0" callerrev="2.10.0"/>
				<artifacts>
				</artifacts>
			</revision>
		</module>
		<module organisation="org.scala-lang" name="scala-reflect">
			<revision name="2.10.2" status="release" pubdate="20130606200608" resolver="sbt-chain" artresolver="sbt-chain" homepage="http://www.scala-lang.org/" downloaded="false" searched="false" default="false" conf="compile, master(*), runtime, compile(*), runtime(*), master" position="15">
				<license name="BSD-like" url="http://www.scala-lang.org/downloads/license.html    "/>
				<metadata-artifact status="no" details="" size="2647" time="0" location="/home/bongani/.ivy2/cache/org.scala-lang/scala-reflect/ivy-2.10.2.xml" searched="false" origin-is-local="false" origin-location="http://repo1.maven.org/maven2/org/scala-lang/scala-reflect/2.10.2/scala-reflect-2.10.2.pom"/>
				<caller organisation="org.scala-lang" name="scala-compiler" conf="compile, runtime" rev="2.10.2" rev-constraint-default="2.10.2" rev-constraint-dynamic="2.10.2" callerrev="2.10.2"/>
				<caller organisation="org.mashupbots.socko" name="socko-webserver_2.10" conf="default, compile, runtime, master" rev="2.10.1" rev-constraint-default="2.10.1" rev-constraint-dynamic="2.10.1" callerrev="0.3.0"/>
				<artifacts>
					<artifact name="scala-reflect" type="jar" ext="jar" status="no" details="" size="3171168" time="0" location="/home/bongani/.ivy2/cache/org.scala-lang/scala-reflect/jars/scala-reflect-2.10.2.jar">
						<origin-location is-local="false" location="http://repo1.maven.org/maven2/org/scala-lang/scala-reflect/2.10.2/scala-reflect-2.10.2.jar"/>
					</artifact>
				</artifacts>
			</revision>
			<revision name="2.10.1" status="release" pubdate="20130313010549" resolver="sbt-chain" artresolver="sbt-chain" evicted="latest-revision" evicted-reason="" homepage="http://www.scala-lang.org/" downloaded="false" searched="false" default="false" conf="compile, master(*), runtime, compile(*), runtime(*), master" position="-1">
				<license name="BSD-like" url="http://www.scala-lang.org/downloads/license.html    "/>
				<metadata-artifact status="no" details="" size="2552" time="0" location="/home/bongani/.ivy2/cache/org.scala-lang/scala-reflect/ivy-2.10.1.xml" searched="false" origin-is-local="false" origin-location="http://repo1.maven.org/maven2/org/scala-lang/scala-reflect/2.10.1/scala-reflect-2.10.1.pom"/>
				<evicted-by rev="2.10.2"/>
				<caller organisation="org.mashupbots.socko" name="socko-webserver_2.10" conf="default, compile, runtime, master" rev="2.10.1" rev-constraint-default="2.10.1" rev-constraint-dynamic="2.10.1" callerrev="0.3.0"/>
				<artifacts>
				</artifacts>
			</revision>
		</module>
		<module organisation="net.liftweb" name="lift-json_2.10">
			<revision name="2.5-RC6" status="release" pubdate="20130513000302" resolver="releases" artresolver="releases" homepage="http://www.liftweb.net" downloaded="false" searched="false" default="false" conf="default(compile), default, compile, runtime, master" position="12">
				<license name="Apache License, Version 2.0" url="http://www.apache.org/licenses/LICENSE-2.0.txt"/>
				<metadata-artifact status="no" details="" size="3044" time="0" location="/home/bongani/.ivy2/cache/net.liftweb/lift-json_2.10/ivy-2.5-RC6.xml" searched="false" origin-is-local="false" origin-location="http://oss.sonatype.org/content/repositories/releases/net/liftweb/lift-json_2.10/2.5-RC6/lift-json_2.10-2.5-RC6.pom"/>
				<caller organisation="self.made" name="sharingan" conf="test-internal, test, optional, compile, provided, runtime" rev="2.5-RC6" rev-constraint-default="2.5-RC6" rev-constraint-dynamic="2.5-RC6" callerrev="0.1"/>
				<artifacts>
					<artifact name="lift-json_2.10" type="jar" ext="jar" status="no" details="" size="491290" time="0" location="/home/bongani/.ivy2/cache/net.liftweb/lift-json_2.10/jars/lift-json_2.10-2.5-RC6.jar">
						<origin-location is-local="false" location="http://oss.sonatype.org/content/repositories/releases/net/liftweb/lift-json_2.10/2.5-RC6/lift-json_2.10-2.5-RC6.jar"/>
					</artifact>
				</artifacts>
			</revision>
		</module>
		<module organisation="com.thoughtworks.paranamer" name="paranamer">
			<revision name="2.4.1" status="release" pubdate="20120128113343" resolver="public" artresolver="public" homepage="" downloaded="false" searched="false" default="false" conf="compile, master(*), runtime, compile(*), runtime(*), master" position="16">
				<metadata-artifact status="no" details="" size="3447" time="0" location="/home/bongani/.ivy2/cache/com.thoughtworks.paranamer/paranamer/ivy-2.4.1.xml" searched="false" origin-is-local="false" origin-location="http://repo1.maven.org/maven2/com/thoughtworks/paranamer/paranamer/2.4.1/paranamer-2.4.1.pom"/>
				<caller organisation="net.liftweb" name="lift-json_2.10" conf="default, compile, runtime, master" rev="2.4.1" rev-constraint-default="2.4.1" rev-constraint-dynamic="2.4.1" callerrev="2.5-RC6"/>
				<artifacts>
					<artifact name="paranamer" type="jar" ext="jar" status="no" details="" size="29734" time="0" location="/home/bongani/.ivy2/cache/com.thoughtworks.paranamer/paranamer/jars/paranamer-2.4.1.jar">
						<origin-location is-local="false" location="http://repo1.maven.org/maven2/com/thoughtworks/paranamer/paranamer/2.4.1/paranamer-2.4.1.jar"/>
					</artifact>
				</artifacts>
			</revision>
		</module>
		<module organisation="org.scala-lang" name="scalap">
			<revision name="2.10.0" status="release" pubdate="20121220093017" resolver="releases" artresolver="releases" homepage="http://www.scala-lang.org/" downloaded="false" searched="false" default="false" conf="compile, master(*), runtime, compile(*), runtime(*), master" position="13">
				<license name="BSD-like" url="http://www.scala-lang.org/downloads/license.html    "/>
				<metadata-artifact status="no" details="" size="2518" time="0" location="/home/bongani/.ivy2/cache/org.scala-lang/scalap/ivy-2.10.0.xml" searched="false" origin-is-local="false" origin-location="http://oss.sonatype.org/content/repositories/releases/org/scala-lang/scalap/2.10.0/scalap-2.10.0.pom"/>
				<caller organisation="net.liftweb" name="lift-json_2.10" conf="default, compile, runtime, master" rev="2.10.0" rev-constraint-default="2.10.0" rev-constraint-dynamic="2.10.0" callerrev="2.5-RC6"/>
				<artifacts>
					<artifact name="scalap" type="jar" ext="jar" status="no" details="" size="855012" time="0" location="/home/bongani/.ivy2/cache/org.scala-lang/scalap/jars/scalap-2.10.0.jar">
						<origin-location is-local="false" location="http://oss.sonatype.org/content/repositories/releases/org/scala-lang/scalap/2.10.0/scalap-2.10.0.jar"/>
					</artifact>
				</artifacts>
			</revision>
		</module>
		<module organisation="org.mashupbots.socko" name="socko-webserver_2.10">
			<revision name="0.3.0" status="release" pubdate="20130502072509" resolver="public" artresolver="public" homepage="http://www.sockoweb.org" downloaded="false" searched="false" default="false" conf="default(compile), default, compile, runtime, master" position="5">
				<license name="Apache 2" url="http://www.apache.org/licenses/LICENSE-2.0.txt"/>
				<metadata-artifact status="no" details="" size="3802" time="0" location="/home/bongani/.ivy2/cache/org.mashupbots.socko/socko-webserver_2.10/ivy-0.3.0.xml" searched="false" origin-is-local="false" origin-location="http://repo1.maven.org/maven2/org/mashupbots/socko/socko-webserver_2.10/0.3.0/socko-webserver_2.10-0.3.0.pom"/>
				<caller organisation="self.made" name="sharingan" conf="test-internal, test, optional, compile, provided, runtime" rev="0.3.0" rev-constraint-default="0.3.0" rev-constraint-dynamic="0.3.0" callerrev="0.1"/>
				<artifacts>
					<artifact name="socko-webserver_2.10" type="jar" ext="jar" status="no" details="" size="378999" time="0" location="/home/bongani/.ivy2/cache/org.mashupbots.socko/socko-webserver_2.10/jars/socko-webserver_2.10-0.3.0.jar">
						<origin-location is-local="false" location="http://repo1.maven.org/maven2/org/mashupbots/socko/socko-webserver_2.10/0.3.0/socko-webserver_2.10-0.3.0.jar"/>
					</artifact>
				</artifacts>
			</revision>
		</module>
		<module organisation="ch.qos.logback" name="logback-classic">
			<revision name="1.0.9" status="release" pubdate="20121205011516" resolver="public" artresolver="public" homepage="http://logback.qos.ch" downloaded="false" searched="false" default="false" conf="compile, master(*), runtime, compile(*), runtime(*), master, default(compile), default" position="10">
				<license name="Eclipse Public License - v 1.0" url="http://www.eclipse.org/legal/epl-v10.html"/>
				<license name="GNU Lesser General Public License" url="http://www.gnu.org/licenses/old-licenses/lgpl-2.1.html"/>
				<metadata-artifact status="no" details="" size="10211" time="0" location="/home/bongani/.ivy2/cache/ch.qos.logback/logback-classic/ivy-1.0.9.xml" searched="false" origin-is-local="false" origin-location="http://repo1.maven.org/maven2/ch/qos/logback/logback-classic/1.0.9/logback-classic-1.0.9.pom"/>
				<caller organisation="self.made" name="sharingan" conf="test-internal, test, optional, compile, provided, runtime" rev="1.0.0" rev-constraint-default="1.0.0" rev-constraint-dynamic="1.0.0" callerrev="0.1"/>
				<caller organisation="org.mashupbots.socko" name="socko-webserver_2.10" conf="default, compile, runtime, master" rev="1.0.9" rev-constraint-default="1.0.9" rev-constraint-dynamic="1.0.9" callerrev="0.3.0"/>
				<artifacts>
					<artifact name="logback-classic" type="jar" ext="jar" status="no" details="" size="252684" time="0" location="/home/bongani/.ivy2/cache/ch.qos.logback/logback-classic/jars/logback-classic-1.0.9.jar">
						<origin-location is-local="false" location="http://repo1.maven.org/maven2/ch/qos/logback/logback-classic/1.0.9/logback-classic-1.0.9.jar"/>
					</artifact>
				</artifacts>
			</revision>
			<revision name="1.0.0" status="release" pubdate="20111101191821" resolver="sbt-chain" artresolver="sbt-chain" evicted="latest-revision" evicted-reason="" homepage="http://logback.qos.ch" downloaded="false" searched="false" default="false" conf="default(compile), default, compile, runtime, master" position="-1">
				<license name="Eclipse Public License - v 1.0" url="http://www.eclipse.org/legal/epl-v10.html"/>
				<license name="GNU Lesser General Public License" url="http://www.gnu.org/licenses/old-licenses/lgpl-2.1.html"/>
				<metadata-artifact status="no" details="" size="10061" time="0" location="/home/bongani/.ivy2/cache/ch.qos.logback/logback-classic/ivy-1.0.0.xml" searched="false" origin-is-local="false" origin-location="http://oss.sonatype.org/content/repositories/releases/ch/qos/logback/logback-classic/1.0.0/logback-classic-1.0.0.pom"/>
				<evicted-by rev="1.0.9"/>
				<caller organisation="self.made" name="sharingan" conf="test-internal, test, optional, compile, provided, runtime" rev="1.0.0" rev-constraint-default="1.0.0" rev-constraint-dynamic="1.0.0" callerrev="0.1"/>
				<artifacts>
				</artifacts>
			</revision>
		</module>
		<module organisation="ch.qos.logback" name="logback-core">
			<revision name="1.0.9" status="release" pubdate="20121205011430" resolver="public" artresolver="public" homepage="http://logback.qos.ch" downloaded="false" searched="false" default="false" conf="compile, master(*), runtime, compile(*), runtime(*), master" position="11">
				<license name="Eclipse Public License - v 1.0" url="http://www.eclipse.org/legal/epl-v10.html"/>
				<license name="GNU Lesser General Public License" url="http://www.gnu.org/licenses/old-licenses/lgpl-2.1.html"/>
				<metadata-artifact status="no" details="" size="9718" time="0" location="/home/bongani/.ivy2/cache/ch.qos.logback/logback-core/ivy-1.0.9.xml" searched="false" origin-is-local="false" origin-location="http://repo1.maven.org/maven2/ch/qos/logback/logback-core/1.0.9/logback-core-1.0.9.pom"/>
				<caller organisation="ch.qos.logback" name="logback-classic" conf="compile, runtime" rev="1.0.9" rev-constraint-default="1.0.9" rev-constraint-dynamic="1.0.9" callerrev="1.0.9"/>
				<caller organisation="ch.qos.logback" name="logback-classic" conf="default, compile, runtime, master" rev="1.0.0" rev-constraint-default="1.0.0" rev-constraint-dynamic="1.0.0" callerrev="1.0.0"/>
				<artifacts>
					<artifact name="logback-core" type="jar" ext="jar" status="no" details="" size="366462" time="0" location="/home/bongani/.ivy2/cache/ch.qos.logback/logback-core/jars/logback-core-1.0.9.jar">
						<origin-location is-local="false" location="http://repo1.maven.org/maven2/ch/qos/logback/logback-core/1.0.9/logback-core-1.0.9.jar"/>
					</artifact>
				</artifacts>
			</revision>
			<revision name="1.0.0" status="release" pubdate="20111101191734" resolver="sbt-chain" artresolver="sbt-chain" evicted="latest-revision" evicted-reason="" homepage="http://logback.qos.ch" downloaded="false" searched="false" default="false" conf="compile, master(*), runtime, compile(*), runtime(*), master" position="-1">
				<license name="Eclipse Public License - v 1.0" url="http://www.eclipse.org/legal/epl-v10.html"/>
				<license name="GNU Lesser General Public License" url="http://www.gnu.org/licenses/old-licenses/lgpl-2.1.html"/>
				<metadata-artifact status="no" details="" size="9315" time="0" location="/home/bongani/.ivy2/cache/ch.qos.logback/logback-core/ivy-1.0.0.xml" searched="false" origin-is-local="false" origin-location="http://oss.sonatype.org/content/repositories/releases/ch/qos/logback/logback-core/1.0.0/logback-core-1.0.0.pom"/>
				<evicted-by rev="1.0.9"/>
				<caller organisation="ch.qos.logback" name="logback-classic" conf="default, compile, runtime, master" rev="1.0.0" rev-constraint-default="1.0.0" rev-constraint-dynamic="1.0.0" callerrev="1.0.0"/>
				<artifacts>
				</artifacts>
			</revision>
		</module>
		<module organisation="org.eclipse.jetty.npn" name="npn-api">
			<revision name="1.1.0.v20120525" status="release" pubdate="20120525155316" resolver="public" artresolver="public" homepage="" downloaded="false" searched="false" default="false" conf="compile, master(*), runtime, compile(*), runtime(*), master" position="9">
				<metadata-artifact status="no" details="" size="2500" time="0" location="/home/bongani/.ivy2/cache/org.eclipse.jetty.npn/npn-api/ivy-1.1.0.v20120525.xml" searched="false" origin-is-local="false" origin-location="http://repo1.maven.org/maven2/org/eclipse/jetty/npn/npn-api/1.1.0.v20120525/npn-api-1.1.0.v20120525.pom"/>
				<caller organisation="org.mashupbots.socko" name="socko-webserver_2.10" conf="default, compile, runtime, master" rev="1.1.0.v20120525" rev-constraint-default="1.1.0.v20120525" rev-constraint-dynamic="1.1.0.v20120525" callerrev="0.3.0"/>
				<artifacts>
					<artifact name="npn-api" type="jar" ext="jar" status="no" details="" size="4379" time="0" location="/home/bongani/.ivy2/cache/org.eclipse.jetty.npn/npn-api/jars/npn-api-1.1.0.v20120525.jar">
						<origin-location is-local="false" location="http://repo1.maven.org/maven2/org/eclipse/jetty/npn/npn-api/1.1.0.v20120525/npn-api-1.1.0.v20120525.jar"/>
					</artifact>
				</artifacts>
			</revision>
		</module>
		<module organisation="com.googlecode.concurrentlinkedhashmap" name="concurrentlinkedhashmap-lru">
			<revision name="1.3.2" status="release" pubdate="20121221014347" resolver="public" artresolver="public" homepage="http://code.google.com/p/concurrentlinkedhashmap" downloaded="false" searched="false" default="false" conf="compile, master(*), runtime, compile(*), runtime(*), master" position="8">
				<license name="The Apache Software License, Version 2.0" url="http://www.apache.org/licenses/LICENSE-2.0.txt"/>
				<metadata-artifact status="no" details="" size="4923" time="0" location="/home/bongani/.ivy2/cache/com.googlecode.concurrentlinkedhashmap/concurrentlinkedhashmap-lru/ivy-1.3.2.xml" searched="false" origin-is-local="false" origin-location="http://repo1.maven.org/maven2/com/googlecode/concurrentlinkedhashmap/concurrentlinkedhashmap-lru/1.3.2/concurrentlinkedhashmap-lru-1.3.2.pom"/>
				<caller organisation="org.mashupbots.socko" name="socko-webserver_2.10" conf="default, compile, runtime, master" rev="1.3.2" rev-constraint-default="1.3.2" rev-constraint-dynamic="1.3.2" callerrev="0.3.0"/>
				<artifacts>
					<artifact name="concurrentlinkedhashmap-lru" type="jar" ext="jar" status="no" details="" size="54986" time="0" location="/home/bongani/.ivy2/cache/com.googlecode.concurrentlinkedhashmap/concurrentlinkedhashmap-lru/jars/concurrentlinkedhashmap-lru-1.3.2.jar">
						<origin-location is-local="false" location="http://repo1.maven.org/maven2/com/googlecode/concurrentlinkedhashmap/concurrentlinkedhashmap-lru/1.3.2/concurrentlinkedhashmap-lru-1.3.2.jar"/>
					</artifact>
				</artifacts>
			</revision>
		</module>
		<module organisation="io.netty" name="netty">
			<revision name="3.6.5.Final" status="release" pubdate="20130409102612" resolver="public" artresolver="public" homepage="http://netty.io/" downloaded="false" searched="false" default="false" conf="compile, master(*), runtime, compile(*), runtime(*), master" position="7">
				<license name="Apache License, Version 2.0" url="http://www.apache.org/licenses/LICENSE-2.0"/>
				<metadata-artifact status="no" details="" size="6425" time="0" location="/home/bongani/.ivy2/cache/io.netty/netty/ivy-3.6.5.Final.xml" searched="false" origin-is-local="false" origin-location="http://repo1.maven.org/maven2/io/netty/netty/3.6.5.Final/netty-3.6.5.Final.pom"/>
				<caller organisation="org.mashupbots.socko" name="socko-webserver_2.10" conf="default, compile, runtime, master" rev="3.6.5.Final" rev-constraint-default="3.6.5.Final" rev-constraint-dynamic="3.6.5.Final" callerrev="0.3.0"/>
				<artifacts>
					<artifact name="netty" type="bundle" ext="jar" status="no" details="" size="1205075" time="0" location="/home/bongani/.ivy2/cache/io.netty/netty/bundles/netty-3.6.5.Final.jar">
						<origin-location is-local="false" location="http://repo1.maven.org/maven2/io/netty/netty/3.6.5.Final/netty-3.6.5.Final.jar"/>
					</artifact>
				</artifacts>
			</revision>
		</module>
		<module organisation="commons-logging" name="commons-logging">
			<revision name="1.1.1" status="release" pubdate="20071126222410" resolver="sbt-chain" artresolver="sbt-chain" homepage="http://commons.apache.org/logging" downloaded="false" searched="false" default="false" conf="compile, master(*), runtime, compile(*), runtime(*), master" position="29">
				<metadata-artifact status="no" details="" size="3941" time="0" location="/home/bongani/.ivy2/cache/commons-logging/commons-logging/ivy-1.1.1.xml" searched="false" origin-is-local="false" origin-location="http://repo1.maven.org/maven2/commons-logging/commons-logging/1.1.1/commons-logging-1.1.1.pom"/>
				<caller organisation="commons-el" name="commons-el" conf="compile, runtime" rev="1.0.3" rev-constraint-default="1.0.3" rev-constraint-dynamic="1.0.3" callerrev="1.0"/>
				<caller organisation="commons-beanutils" name="commons-beanutils" conf="compile, runtime" rev="1.0.3" rev-constraint-default="1.0.3" rev-constraint-dynamic="1.0.3" callerrev="1.7.0"/>
				<caller organisation="commons-configuration" name="commons-configuration" conf="compile, runtime" rev="1.1.1" rev-constraint-default="1.1.1" rev-constraint-dynamic="1.1.1" callerrev="1.6"/>
				<caller organisation="net.java.dev.jets3t" name="jets3t" conf="compile, runtime" rev="1.1.1" rev-constraint-default="1.1.1" rev-constraint-dynamic="1.1.1" callerrev="0.6.1"/>
				<caller organisation="commons-digester" name="commons-digester" conf="compile, runtime" rev="1.1" rev-constraint-default="1.1" rev-constraint-dynamic="1.1" callerrev="1.8"/>
				<artifacts>
					<artifact name="commons-logging" type="jar" ext="jar" status="no" details="" size="60686" time="0" location="/home/bongani/.ivy2/cache/commons-logging/commons-logging/jars/commons-logging-1.1.1.jar">
						<origin-location is-local="false" location="http://repo1.maven.org/maven2/commons-logging/commons-logging/1.1.1/commons-logging-1.1.1.jar"/>
					</artifact>
				</artifacts>
			</revision>
			<revision name="1.1" evicted="latest-revision" evicted-reason="" downloaded="false" searched="false" conf="compile, master(*), runtime, compile(*), runtime(*), master" position="-1">
				<evicted-by rev="1.1.1"/>
				<caller organisation="commons-beanutils" name="commons-beanutils" conf="compile, runtime" rev="1.0.3" rev-constraint-default="1.0.3" rev-constraint-dynamic="1.0.3" callerrev="1.7.0"/>
				<caller organisation="commons-digester" name="commons-digester" conf="compile, runtime" rev="1.1" rev-constraint-default="1.1" rev-constraint-dynamic="1.1" callerrev="1.8"/>
				<artifacts>
				</artifacts>
			</revision>
			<revision name="1.0.3" evicted="latest-revision" evicted-reason="" downloaded="false" searched="false" conf="compile, master(*), runtime, compile(*), runtime(*), master" position="-1">
				<evicted-by rev="1.1.1"/>
				<caller organisation="commons-el" name="commons-el" conf="compile, runtime" rev="1.0.3" rev-constraint-default="1.0.3" rev-constraint-dynamic="1.0.3" callerrev="1.0"/>
				<caller organisation="commons-beanutils" name="commons-beanutils" conf="compile, runtime" rev="1.0.3" rev-constraint-default="1.0.3" rev-constraint-dynamic="1.0.3" callerrev="1.7.0"/>
				<artifacts>
				</artifacts>
			</revision>
		</module>
		<module organisation="com.typesafe.akka" name="akka-slf4j_2.10">
			<revision name="2.1.2" status="release" pubdate="20130315151859" resolver="public" artresolver="public" homepage="http://akka.io" downloaded="false" searched="false" default="false" conf="compile, master(*), runtime, compile(*), runtime(*), master, default(compile), default" position="6">
				<license name="Apache 2" url="http://www.apache.org/licenses/LICENSE-2.0.txt"/>
				<metadata-artifact status="no" details="" size="3029" time="0" location="/home/bongani/.ivy2/cache/com.typesafe.akka/akka-slf4j_2.10/ivy-2.1.2.xml" searched="false" origin-is-local="false" origin-location="http://repo1.maven.org/maven2/com/typesafe/akka/akka-slf4j_2.10/2.1.2/akka-slf4j_2.10-2.1.2.pom"/>
				<caller organisation="self.made" name="sharingan" conf="test-internal, test, optional, compile, provided, runtime" rev="2.1.0" rev-constraint-default="2.1.0" rev-constraint-dynamic="2.1.0" callerrev="0.1"/>
				<caller organisation="org.mashupbots.socko" name="socko-webserver_2.10" conf="default, compile, runtime, master" rev="2.1.2" rev-constraint-default="2.1.2" rev-constraint-dynamic="2.1.2" callerrev="0.3.0"/>
				<artifacts>
					<artifact name="akka-slf4j_2.10" type="bundle" ext="jar" status="no" details="" size="12909" time="0" location="/home/bongani/.ivy2/cache/com.typesafe.akka/akka-slf4j_2.10/bundles/akka-slf4j_2.10-2.1.2.jar">
						<origin-location is-local="false" location="http://repo1.maven.org/maven2/com/typesafe/akka/akka-slf4j_2.10/2.1.2/akka-slf4j_2.10-2.1.2.jar"/>
					</artifact>
				</artifacts>
			</revision>
			<revision name="2.1.0" status="release" pubdate="20121222142327" resolver="sbt-chain" artresolver="sbt-chain" evicted="latest-revision" evicted-reason="" homepage="http://akka.io" downloaded="false" searched="false" default="false" conf="default(compile), default, compile, runtime, master" position="-1">
				<license name="Apache 2" url="http://www.apache.org/licenses/LICENSE-2.0.txt"/>
				<metadata-artifact status="no" details="" size="3029" time="0" location="/home/bongani/.ivy2/cache/com.typesafe.akka/akka-slf4j_2.10/ivy-2.1.0.xml" searched="false" origin-is-local="false" origin-location="http://oss.sonatype.org/content/repositories/releases/com/typesafe/akka/akka-slf4j_2.10/2.1.0/akka-slf4j_2.10-2.1.0.pom"/>
				<evicted-by rev="2.1.2"/>
				<caller organisation="self.made" name="sharingan" conf="test-internal, test, optional, compile, provided, runtime" rev="2.1.0" rev-constraint-default="2.1.0" rev-constraint-dynamic="2.1.0" callerrev="0.1"/>
				<artifacts>
				</artifacts>
			</revision>
		</module>
		<module organisation="org.slf4j" name="slf4j-api">
			<revision name="1.7.2" status="release" pubdate="20130506141402" resolver="sbt-chain" artresolver="sbt-chain" homepage="http://www.slf4j.org" downloaded="false" searched="false" default="false" conf="compile, master(*), runtime, compile(*), runtime(*), master" position="4">
				<metadata-artifact status="no" details="" size="4469" time="0" location="/home/bongani/.ivy2/cache/org.slf4j/slf4j-api/ivy-1.7.2.xml" searched="false" origin-is-local="false" origin-location="http://repo.typesafe.com/typesafe/releases/org/slf4j/slf4j-api/1.7.2/slf4j-api-1.7.2.pom"/>
				<caller organisation="com.typesafe.akka" name="akka-slf4j_2.10" conf="default, compile, runtime, master" rev="1.7.2" rev-constraint-default="1.7.2" rev-constraint-dynamic="1.7.2" callerrev="2.1.0"/>
				<caller organisation="ch.qos.logback" name="logback-classic" conf="compile, runtime" rev="1.7.2" rev-constraint-default="1.7.2" rev-constraint-dynamic="1.7.2" callerrev="1.0.9"/>
				<caller organisation="ch.qos.logback" name="logback-classic" conf="default, compile, runtime, master" rev="1.6.4" rev-constraint-default="1.6.4" rev-constraint-dynamic="1.6.4" callerrev="1.0.0"/>
				<caller organisation="com.typesafe.akka" name="akka-slf4j_2.10" conf="compile, runtime" rev="1.7.2" rev-constraint-default="1.7.2" rev-constraint-dynamic="1.7.2" callerrev="2.1.2"/>
				<artifacts>
					<artifact name="slf4j-api" type="jar" ext="jar" status="no" details="" size="26083" time="0" location="/home/bongani/.ivy2/cache/org.slf4j/slf4j-api/jars/slf4j-api-1.7.2.jar">
						<origin-location is-local="false" location="http://repo.typesafe.com/typesafe/releases/org/slf4j/slf4j-api/1.7.2/slf4j-api-1.7.2.jar"/>
					</artifact>
				</artifacts>
			</revision>
			<revision name="1.6.4" evicted="latest-revision" evicted-reason="" downloaded="false" searched="false" conf="compile, master(*), runtime, compile(*), runtime(*), master" position="-1">
				<evicted-by rev="1.7.2"/>
				<caller organisation="ch.qos.logback" name="logback-classic" conf="default, compile, runtime, master" rev="1.6.4" rev-constraint-default="1.6.4" rev-constraint-dynamic="1.6.4" callerrev="1.0.0"/>
				<artifacts>
				</artifacts>
			</revision>
		</module>
		<module organisation="com.typesafe.akka" name="akka-kernel_2.10">
			<revision name="2.2.0" status="release" pubdate="20130709115541" resolver="releases" artresolver="releases" homepage="http://akka.io" downloaded="true" searched="true" default="false" conf="default(compile)" position="1">
				<license name="Apache 2" url="http://www.apache.org/licenses/LICENSE-2.0.txt"/>
				<metadata-artifact status="successful" details="" size="2541" time="1557" location="/home/bongani/.ivy2/cache/com.typesafe.akka/akka-kernel_2.10/ivy-2.2.0.xml" searched="true" original-local-location="/home/bongani/.ivy2/cache/com.typesafe.akka/akka-kernel_2.10/ivy-2.2.0.xml.original" origin-is-local="false" origin-location="http://oss.sonatype.org/content/repositories/releases/com/typesafe/akka/akka-kernel_2.10/2.2.0/akka-kernel_2.10-2.2.0.pom"/>
				<caller organisation="self.made" name="sharingan" conf="test-internal, test, optional, compile, provided, runtime" rev="2.2.0" rev-constraint-default="2.2.0" rev-constraint-dynamic="2.2.0" callerrev="0.1"/>
				<artifacts>
				</artifacts>
			</revision>
			<revision name="2.1.0" evicted="latest-revision" evicted-reason="" downloaded="false" searched="false" conf="default(compile), default, compile, runtime, master" position="-1">
				<evicted-by rev="2.2.0"/>
				<caller organisation="self.made" name="sharingan" conf="test-internal, test, optional, compile, provided, runtime" rev="2.1.0" rev-constraint-default="2.1.0" rev-constraint-dynamic="2.1.0" callerrev="0.1"/>
				<artifacts>
				</artifacts>
			</revision>
		</module>
		<module organisation="com.typesafe.akka" name="akka-actor_2.10">
			<revision name="2.2.0" status="release" pubdate="20130709115426" resolver="public" artresolver="public" homepage="http://akka.io" downloaded="false" searched="false" default="false" conf="default(compile), default, compile, master(*), runtime, compile(*), runtime(*), master" position="2">
				<license name="Apache 2" url="http://www.apache.org/licenses/LICENSE-2.0.txt"/>
				<metadata-artifact status="no" details="" size="2638" time="0" location="/home/bongani/.ivy2/cache/com.typesafe.akka/akka-actor_2.10/ivy-2.2.0.xml" searched="false" origin-is-local="false" origin-location="http://repo1.maven.org/maven2/com/typesafe/akka/akka-actor_2.10/2.2.0/akka-actor_2.10-2.2.0.pom"/>
				<caller organisation="com.typesafe.akka" name="akka-slf4j_2.10" conf="default, compile, runtime, master" rev="2.1.0" rev-constraint-default="2.1.0" rev-constraint-dynamic="2.1.0" callerrev="2.1.0"/>
				<caller organisation="com.typesafe.akka" name="akka-kernel_2.10" conf="default, compile, runtime, master" rev="2.2.0" rev-constraint-default="2.2.0" rev-constraint-dynamic="2.2.0" callerrev="2.2.0"/>
				<caller organisation="org.eligosource" name="eventsourced-core_2.10" conf="default, compile, runtime, master" rev="2.2.0" rev-constraint-default="2.2.0" rev-constraint-dynamic="2.2.0" callerrev="0.6.0"/>
				<caller organisation="self.made" name="sharingan" conf="test-internal, test, optional, compile, provided, runtime" rev="2.2.0" rev-constraint-default="2.2.0" rev-constraint-dynamic="2.2.0" callerrev="0.1"/>
				<caller organisation="com.typesafe.akka" name="akka-slf4j_2.10" conf="compile, runtime" rev="2.1.2" rev-constraint-default="2.1.2" rev-constraint-dynamic="2.1.2" callerrev="2.1.2"/>
				<caller organisation="org.mashupbots.socko" name="socko-webserver_2.10" conf="default, compile, runtime, master" rev="2.1.2" rev-constraint-default="2.1.2" rev-constraint-dynamic="2.1.2" callerrev="0.3.0"/>
				<artifacts>
					<artifact name="akka-actor_2.10" type="jar" ext="jar" status="no" details="" size="2643414" time="0" location="/home/bongani/.ivy2/cache/com.typesafe.akka/akka-actor_2.10/jars/akka-actor_2.10-2.2.0.jar">
						<origin-location is-local="false" location="http://repo1.maven.org/maven2/com/typesafe/akka/akka-actor_2.10/2.2.0/akka-actor_2.10-2.2.0.jar"/>
					</artifact>
				</artifacts>
			</revision>
			<revision name="2.1.2" evicted="latest-revision" evicted-reason="" downloaded="false" searched="false" conf="compile, master(*), runtime, compile(*), runtime(*), master" position="-1">
				<evicted-by rev="2.2.0"/>
				<caller organisation="com.typesafe.akka" name="akka-slf4j_2.10" conf="compile, runtime" rev="2.1.2" rev-constraint-default="2.1.2" rev-constraint-dynamic="2.1.2" callerrev="2.1.2"/>
				<caller organisation="org.mashupbots.socko" name="socko-webserver_2.10" conf="default, compile, runtime, master" rev="2.1.2" rev-constraint-default="2.1.2" rev-constraint-dynamic="2.1.2" callerrev="0.3.0"/>
				<artifacts>
				</artifacts>
			</revision>
			<revision name="2.1.0" evicted="latest-revision" evicted-reason="" downloaded="false" searched="false" conf="compile, master(*), runtime, compile(*), runtime(*), master" position="-1">
				<evicted-by rev="2.2.0"/>
				<caller organisation="com.typesafe.akka" name="akka-slf4j_2.10" conf="default, compile, runtime, master" rev="2.1.0" rev-constraint-default="2.1.0" rev-constraint-dynamic="2.1.0" callerrev="2.1.0"/>
				<artifacts>
				</artifacts>
			</revision>
		</module>
		<module organisation="com.typesafe" name="config">
			<revision name="1.0.2" status="release" pubdate="20130703150814" resolver="public" artresolver="public" homepage="https://github.com/typesafehub/config" downloaded="false" searched="false" default="false" conf="compile, master(*), runtime, compile(*), runtime(*), master" position="3">
				<license name="Apache License, Version 2.0" url="http://www.apache.org/licenses/LICENSE-2.0"/>
				<metadata-artifact status="no" details="" size="2723" time="0" location="/home/bongani/.ivy2/cache/com.typesafe/config/ivy-1.0.2.xml" searched="false" origin-is-local="false" origin-location="http://repo1.maven.org/maven2/com/typesafe/config/1.0.2/config-1.0.2.pom"/>
				<caller organisation="com.typesafe.akka" name="akka-actor_2.10" conf="compile, runtime" rev="1.0.2" rev-constraint-default="1.0.2" rev-constraint-dynamic="1.0.2" callerrev="2.2.0"/>
				<artifacts>
					<artifact name="config" type="bundle" ext="jar" status="no" details="" size="187497" time="0" location="/home/bongani/.ivy2/cache/com.typesafe/config/bundles/config-1.0.2.jar">
						<origin-location is-local="false" location="http://repo1.maven.org/maven2/com/typesafe/config/1.0.2/config-1.0.2.jar"/>
					</artifact>
				</artifacts>
			</revision>
		</module>
		<module organisation="org.scala-lang" name="scala-library">
			<revision name="2.10.2" status="release" pubdate="20130606200543" resolver="sbt-chain" artresolver="sbt-chain" homepage="http://www.scala-lang.org/" downloaded="false" searched="false" default="false" conf="default(compile), default, compile, master(*), compile(*), runtime, runtime(*), master" position="0">
				<license name="BSD-like" url="http://www.scala-lang.org/downloads/license.html          "/>
				<metadata-artifact status="no" details="" size="2487" time="0" location="/home/bongani/.ivy2/cache/org.scala-lang/scala-library/ivy-2.10.2.xml" searched="false" origin-is-local="false" origin-location="http://repo1.maven.org/maven2/org/scala-lang/scala-library/2.10.2/scala-library-2.10.2.pom"/>
				<caller organisation="org.scala-lang" name="scala-reflect" conf="compile, runtime" rev="2.10.2" rev-constraint-default="2.10.2" rev-constraint-dynamic="2.10.2" callerrev="2.10.2"/>
				<caller organisation="net.liftweb" name="lift-json_2.10" conf="default, compile, runtime, master" rev="2.10.2" rev-constraint-default="2.10.2" rev-constraint-dynamic="2.10.0" callerrev="2.5-RC6"/>
				<caller organisation="com.typesafe.akka" name="akka-slf4j_2.10" conf="default, compile, runtime, master" rev="2.10.2" rev-constraint-default="2.10.2" rev-constraint-dynamic="2.10.0" callerrev="2.1.0"/>
				<caller organisation="org.scala-lang" name="scala-compiler" conf="compile, runtime" rev="2.10.2" rev-constraint-default="2.10.2" rev-constraint-dynamic="2.10.2" callerrev="2.10.2"/>
				<caller organisation="org.scala-lang" name="scala-reflect" conf="compile, runtime" rev="2.10.2" rev-constraint-default="2.10.2" rev-constraint-dynamic="2.10.1" callerrev="2.10.1"/>
				<caller organisation="com.typesafe.akka" name="akka-kernel_2.10" conf="default, compile, runtime, master" rev="2.10.2" rev-constraint-default="2.10.2" rev-constraint-dynamic="2.10.2" callerrev="2.2.0"/>
				<caller organisation="org.eligosource" name="eventsourced-core_2.10" conf="default, compile, runtime, master" rev="2.10.2" rev-constraint-default="2.10.2" rev-constraint-dynamic="2.10.2" callerrev="0.6.0"/>
				<caller organisation="org.eligosource" name="eventsourced-journal-common_2.10" conf="compile, runtime" rev="2.10.2" rev-constraint-default="2.10.2" rev-constraint-dynamic="2.10.2" callerrev="0.6.0"/>
				<caller organisation="org.eligosource" name="eventsourced-journal-leveldb_2.10" conf="default, compile, runtime, master" rev="2.10.2" rev-constraint-default="2.10.2" rev-constraint-dynamic="2.10.2" callerrev="0.6.0"/>
				<caller organisation="self.made" name="sharingan" conf="test-internal, test, optional, compile, provided, runtime" rev="2.10.2" rev-constraint-default="2.10.2" rev-constraint-dynamic="2.10.2" callerrev="0.1"/>
				<caller organisation="com.typesafe.akka" name="akka-actor_2.10" conf="compile, runtime" rev="2.10.2" rev-constraint-default="2.10.2" rev-constraint-dynamic="2.10.2" callerrev="2.2.0"/>
				<caller organisation="com.typesafe.akka" name="akka-slf4j_2.10" conf="compile, runtime" rev="2.10.2" rev-constraint-default="2.10.2" rev-constraint-dynamic="2.10.1" callerrev="2.1.2"/>
				<caller organisation="org.mashupbots.socko" name="socko-webserver_2.10" conf="default, compile, runtime, master" rev="2.10.2" rev-constraint-default="2.10.2" rev-constraint-dynamic="2.10.1" callerrev="0.3.0"/>
				<artifacts>
				</artifacts>
			</revision>
		</module>
	</dependencies>
</ivy-report>
